<?xml version="1.0" encoding="UTF-8"?>
<!-- Generated by org.testng.reporters.JUnitReportReporter -->
<testsuite hostname="LAPTOP-U30VOVNM" failures="0" tests="1" name="TestCases.StoreLoginTest" time="10.618" errors="0" timestamp="2024-08-03T23:59:50 IST" skipped="0">
  <testcase classname="TestCases.StoreLoginTest" name="setup" time="10.618"/>
</testsuite> <!-- TestCases.StoreLoginTest -->
